This is pdfTeX, Version 3.1415926-2.3-1.40.12 (MiKTeX 2.9) (preloaded format=pdflatex 2016.7.16)  2 MAY 2017 23:46
entering extended mode
**nhgslides.tex
(D:\Documents\Desktop\å‘¨å®¶æœ¨æ¯•ä¸šç­”è¾©slide\nhgslides.tex
LaTeX2e <2011/06/27>
Babel <v3.8m> and hyphenation patterns for loaded.
("D:\Program Files\CTEX\MiKTeX\tex\latex\beamer\base\beamer.cls"
("D:\Program Files\CTEX\MiKTeX\tex\latex\beamer\base\beamerbasercs.sty"
Package: beamerbasercs 2012/02/22 (rcs-revision 46e1bc9c9b76)
)
Document Class: beamer 2011/09/12 development version 3.14 A class for typesett
ing presentations (rcs-revision 70f9d8411e54)
("D:\Program Files\CTEX\MiKTeX\tex\latex\beamer\base\beamerbasemodes.sty"
Package: beamerbasemodes 2010/05/01 (rcs-revision efa082c6111d)
\beamer@tempbox=\box26
\beamer@tempcount=\count79
\c@beamerpauses=\count80

("D:\Program Files\CTEX\MiKTeX\tex\latex\beamer\base\beamerbasedecode.sty"
Package: beamerbasedecode 2010/05/01 (rcs-revision efa082c6111d)
\beamer@slideinframe=\count81
\beamer@minimum=\count82
)
\beamer@commentbox=\box27
\beamer@modecount=\count83
)
("D:\Program Files\CTEX\MiKTeX\tex\generic\oberdiek\ifpdf.sty"
Package: ifpdf 2011/01/30 v2.3 Provides the ifpdf switch (HO)
Package ifpdf Info: pdfTeX in PDF mode is detected.
)
\headheight=\dimen102
\headdp=\dimen103
\footheight=\dimen104
\sidebarheight=\dimen105
\beamer@tempdim=\dimen106
\beamer@finalheight=\dimen107
\beamer@animht=\dimen108
\beamer@animdp=\dimen109
\beamer@animwd=\dimen110
\beamer@leftmargin=\dimen111
\beamer@rightmargin=\dimen112
\beamer@leftsidebar=\dimen113
\beamer@rightsidebar=\dimen114
\beamer@boxsize=\dimen115
\beamer@vboxoffset=\dimen116
\beamer@descdefault=\dimen117
\beamer@descriptionwidth=\dimen118
\beamer@lastskip=\skip41
\beamer@areabox=\box28
\beamer@animcurrent=\box29
\beamer@animshowbox=\box30
\beamer@sectionbox=\box31
\beamer@logobox=\box32
\beamer@linebox=\box33
\beamer@sectioncount=\count84
\beamer@subsubsectionmax=\count85
\beamer@subsectionmax=\count86
\beamer@sectionmax=\count87
\beamer@totalheads=\count88
\beamer@headcounter=\count89
\beamer@partstartpage=\count90
\beamer@sectionstartpage=\count91
\beamer@subsectionstartpage=\count92
\beamer@animationtempa=\count93
\beamer@animationtempb=\count94
\beamer@xpos=\count95
\beamer@ypos=\count96
\beamer@showpartnumber=\count97
\beamer@currentsubsection=\count98
\beamer@coveringdepth=\count99
\beamer@sectionadjust=\count100
\beamer@tocsectionnumber=\count101

("D:\Program Files\CTEX\MiKTeX\tex\latex\beamer\base\beamerbaseoptions.sty"
Package: beamerbaseoptions 2010/04/27 (rcs-revision 982469101dd6)

("D:\Program Files\CTEX\MiKTeX\tex\latex\graphics\keyval.sty"
Package: keyval 1999/03/16 v1.13 key=value parser (DPC)
\KV@toks@=\toks14
))
\beamer@paperwidth=\skip42
\beamer@paperheight=\skip43

("D:\Program Files\CTEX\MiKTeX\tex\latex\geometry\geometry.sty"
Package: geometry 2010/09/12 v5.6 Page Geometry

("D:\Program Files\CTEX\MiKTeX\tex\generic\oberdiek\ifvtex.sty"
Package: ifvtex 2010/03/01 v1.5 Switches for detecting VTeX and its modes (HO)
Package ifvtex Info: VTeX not detected.
)
("D:\Program Files\CTEX\MiKTeX\tex\generic\ifxetex\ifxetex.sty"
Package: ifxetex 2010/09/12 v0.6 Provides ifxetex conditional
)
\Gm@cnth=\count102
\Gm@cntv=\count103
\c@Gm@tempcnt=\count104
\Gm@bindingoffset=\dimen119
\Gm@wd@mp=\dimen120
\Gm@odd@mp=\dimen121
\Gm@even@mp=\dimen122
\Gm@layoutwidth=\dimen123
\Gm@layoutheight=\dimen124
\Gm@layouthoffset=\dimen125
\Gm@layoutvoffset=\dimen126
\Gm@dimlist=\toks15

("D:\Program Files\CTEX\MiKTeX\tex\latex\geometry\geometry.cfg"))

Class beamer Warning: ``mathserif'' is obsolete. Use font theme ``serif'' with 
option ``onlymath'' on input line 343.

("D:\Program Files\CTEX\MiKTeX\tex\latex\base\size11.clo"
File: size11.clo 2007/10/19 v1.4h Standard LaTeX file (size option)
)
("D:\Program Files\CTEX\MiKTeX\tex\latex\pgf\basiclayer\pgfcore.sty"
("D:\Program Files\CTEX\MiKTeX\tex\latex\graphics\graphicx.sty"
Package: graphicx 1999/02/16 v1.0f Enhanced LaTeX Graphics (DPC,SPQR)

("D:\Program Files\CTEX\MiKTeX\tex\latex\graphics\graphics.sty"
Package: graphics 2009/02/05 v1.0o Standard LaTeX Graphics (DPC,SPQR)

("D:\Program Files\CTEX\MiKTeX\tex\latex\graphics\trig.sty"
Package: trig 1999/03/16 v1.09 sin cos tan (DPC)
)
("D:\Program Files\CTEX\MiKTeX\tex\latex\00miktex\graphics.cfg"
File: graphics.cfg 2007/01/18 v1.5 graphics configuration of teTeX/TeXLive
)
Package graphics Info: Driver file: pdftex.def on input line 91.

("D:\Program Files\CTEX\MiKTeX\tex\latex\pdftex-def\pdftex.def"
File: pdftex.def 2011/05/27 v0.06d Graphics/color for pdfTeX

("D:\Program Files\CTEX\MiKTeX\tex\generic\oberdiek\infwarerr.sty"
Package: infwarerr 2010/04/08 v1.3 Providing info/warning/message (HO)
)
("D:\Program Files\CTEX\MiKTeX\tex\generic\oberdiek\ltxcmds.sty"
Package: ltxcmds 2011/04/18 v1.20 LaTeX kernel commands for general use (HO)
)
\Gread@gobject=\count105
))
\Gin@req@height=\dimen127
\Gin@req@width=\dimen128
)
("D:\Program Files\CTEX\MiKTeX\tex\latex\pgf\systemlayer\pgfsys.sty"
("D:\Program Files\CTEX\MiKTeX\tex\latex\pgf\utilities\pgfrcs.sty"
("D:\Program Files\CTEX\MiKTeX\tex\generic\pgf\utilities\pgfutil-common.tex"
\pgfutil@everybye=\toks16
)
("D:\Program Files\CTEX\MiKTeX\tex\generic\pgf\utilities\pgfutil-latex.def"
\pgfutil@abb=\box34

("D:\Program Files\CTEX\MiKTeX\tex\latex\ms\everyshi.sty"
Package: everyshi 2001/05/15 v3.00 EveryShipout Package (MS)
))
("D:\Program Files\CTEX\MiKTeX\tex\generic\pgf\utilities\pgfrcs.code.tex"
Package: pgfrcs 2010/10/25 v2.10 (rcs-revision 1.24)
))
("D:\Program Files\CTEX\MiKTeX\tex\generic\pgf\systemlayer\pgfsys.code.tex"
Package: pgfsys 2010/06/30 v2.10 (rcs-revision 1.37)

("D:\Program Files\CTEX\MiKTeX\tex\generic\pgf\utilities\pgfkeys.code.tex"
\pgfkeys@pathtoks=\toks17
\pgfkeys@temptoks=\toks18

("D:\Program Files\CTEX\MiKTeX\tex\generic\pgf\utilities\pgfkeysfiltered.code.t
ex"
\pgfkeys@tmptoks=\toks19
))
\pgf@x=\dimen129
\pgf@y=\dimen130
\pgf@xa=\dimen131
\pgf@ya=\dimen132
\pgf@xb=\dimen133
\pgf@yb=\dimen134
\pgf@xc=\dimen135
\pgf@yc=\dimen136
\w@pgf@writea=\write3
\r@pgf@reada=\read1
\c@pgf@counta=\count106
\c@pgf@countb=\count107
\c@pgf@countc=\count108
\c@pgf@countd=\count109
 ("D:\Program Files\CTEX\MiKTeX\tex\generic\pgf\systemlayer\pgf.cfg"
File: pgf.cfg 2008/05/14  (rcs-revision 1.7)
)
Package pgfsys Info: Driver file for pgf: pgfsys-pdftex.def on input line 900.

("D:\Program Files\CTEX\MiKTeX\tex\generic\pgf\systemlayer\pgfsys-pdftex.def"
File: pgfsys-pdftex.def 2009/05/22  (rcs-revision 1.26)

("D:\Program Files\CTEX\MiKTeX\tex\generic\pgf\systemlayer\pgfsys-common-pdf.de
f"
File: pgfsys-common-pdf.def 2008/05/19  (rcs-revision 1.10)
)))
("D:\Program Files\CTEX\MiKTeX\tex\generic\pgf\systemlayer\pgfsyssoftpath.code.
tex"
File: pgfsyssoftpath.code.tex 2008/07/18  (rcs-revision 1.7)
\pgfsyssoftpath@smallbuffer@items=\count110
\pgfsyssoftpath@bigbuffer@items=\count111
)
("D:\Program Files\CTEX\MiKTeX\tex\generic\pgf\systemlayer\pgfsysprotocol.code.
tex"
File: pgfsysprotocol.code.tex 2006/10/16  (rcs-revision 1.4)
)) ("D:\Program Files\CTEX\MiKTeX\tex\latex\xcolor\xcolor.sty"
Package: xcolor 2007/01/21 v2.11 LaTeX color extensions (UK)

("D:\Program Files\CTEX\MiKTeX\tex\latex\00miktex\color.cfg"
File: color.cfg 2007/01/18 v1.5 color configuration of teTeX/TeXLive
)
Package xcolor Info: Driver file: pdftex.def on input line 225.

("D:\Program Files\CTEX\MiKTeX\tex\latex\colortbl\colortbl.sty"
Package: colortbl 2001/02/13 v0.1j Color table columns (DPC)

("D:\Program Files\CTEX\MiKTeX\tex\latex\tools\array.sty"
Package: array 2008/09/09 v2.4c Tabular extension package (FMi)
\col@sep=\dimen137
\extrarowheight=\dimen138
\NC@list=\toks20
\extratabsurround=\skip44
\backup@length=\skip45
)
\everycr=\toks21
\minrowclearance=\skip46
)
\rownum=\count112
Package xcolor Info: Model `cmy' substituted by `cmy0' on input line 1337.
Package xcolor Info: Model `hsb' substituted by `rgb' on input line 1341.
Package xcolor Info: Model `RGB' extended on input line 1353.
Package xcolor Info: Model `HTML' substituted by `rgb' on input line 1355.
Package xcolor Info: Model `Hsb' substituted by `hsb' on input line 1356.
Package xcolor Info: Model `tHsb' substituted by `hsb' on input line 1357.
Package xcolor Info: Model `HSB' substituted by `hsb' on input line 1358.
Package xcolor Info: Model `Gray' substituted by `gray' on input line 1359.
Package xcolor Info: Model `wave' substituted by `hsb' on input line 1360.
)
("D:\Program Files\CTEX\MiKTeX\tex\generic\pgf\basiclayer\pgfcore.code.tex"
Package: pgfcore 2010/04/11 v2.10 (rcs-revision 1.7)

("D:\Program Files\CTEX\MiKTeX\tex\generic\pgf\math\pgfmath.code.tex"
("D:\Program Files\CTEX\MiKTeX\tex\generic\pgf\math\pgfmathcalc.code.tex"
("D:\Program Files\CTEX\MiKTeX\tex\generic\pgf\math\pgfmathutil.code.tex")
("D:\Program Files\CTEX\MiKTeX\tex\generic\pgf\math\pgfmathparser.code.tex"
\pgfmath@dimen=\dimen139
\pgfmath@count=\count113
\pgfmath@box=\box35
\pgfmath@toks=\toks22
\pgfmath@stack@operand=\toks23
\pgfmath@stack@operation=\toks24
)
("D:\Program Files\CTEX\MiKTeX\tex\generic\pgf\math\pgfmathfunctions.code.tex"
("D:\Program Files\CTEX\MiKTeX\tex\generic\pgf\math\pgfmathfunctions.basic.code
.tex")
("D:\Program Files\CTEX\MiKTeX\tex\generic\pgf\math\pgfmathfunctions.trigonomet
ric.code.tex")
("D:\Program Files\CTEX\MiKTeX\tex\generic\pgf\math\pgfmathfunctions.random.cod
e.tex")
("D:\Program Files\CTEX\MiKTeX\tex\generic\pgf\math\pgfmathfunctions.comparison
.code.tex")
("D:\Program Files\CTEX\MiKTeX\tex\generic\pgf\math\pgfmathfunctions.base.code.
tex")
("D:\Program Files\CTEX\MiKTeX\tex\generic\pgf\math\pgfmathfunctions.round.code
.tex")
("D:\Program Files\CTEX\MiKTeX\tex\generic\pgf\math\pgfmathfunctions.misc.code.
tex")))
("D:\Program Files\CTEX\MiKTeX\tex\generic\pgf\math\pgfmathfloat.code.tex"
\c@pgfmathroundto@lastzeros=\count114
))
("D:\Program Files\CTEX\MiKTeX\tex\generic\pgf\basiclayer\pgfcorepoints.code.te
x"
File: pgfcorepoints.code.tex 2010/04/09  (rcs-revision 1.20)
\pgf@picminx=\dimen140
\pgf@picmaxx=\dimen141
\pgf@picminy=\dimen142
\pgf@picmaxy=\dimen143
\pgf@pathminx=\dimen144
\pgf@pathmaxx=\dimen145
\pgf@pathminy=\dimen146
\pgf@pathmaxy=\dimen147
\pgf@xx=\dimen148
\pgf@xy=\dimen149
\pgf@yx=\dimen150
\pgf@yy=\dimen151
\pgf@zx=\dimen152
\pgf@zy=\dimen153
)
("D:\Program Files\CTEX\MiKTeX\tex\generic\pgf\basiclayer\pgfcorepathconstruct.
code.tex"
File: pgfcorepathconstruct.code.tex 2010/08/03  (rcs-revision 1.24)
\pgf@path@lastx=\dimen154
\pgf@path@lasty=\dimen155
)
("D:\Program Files\CTEX\MiKTeX\tex\generic\pgf\basiclayer\pgfcorepathusage.code
.tex"
File: pgfcorepathusage.code.tex 2008/04/22  (rcs-revision 1.12)
\pgf@shorten@end@additional=\dimen156
\pgf@shorten@start@additional=\dimen157
)
("D:\Program Files\CTEX\MiKTeX\tex\generic\pgf\basiclayer\pgfcorescopes.code.te
x"
File: pgfcorescopes.code.tex 2010/09/08  (rcs-revision 1.34)
\pgfpic=\box36
\pgf@hbox=\box37
\pgf@layerbox@main=\box38
\pgf@picture@serial@count=\count115
)
("D:\Program Files\CTEX\MiKTeX\tex\generic\pgf\basiclayer\pgfcoregraphicstate.c
ode.tex"
File: pgfcoregraphicstate.code.tex 2008/04/22  (rcs-revision 1.9)
\pgflinewidth=\dimen158
)
("D:\Program Files\CTEX\MiKTeX\tex\generic\pgf\basiclayer\pgfcoretransformation
s.code.tex"
File: pgfcoretransformations.code.tex 2009/06/10  (rcs-revision 1.11)
\pgf@pt@x=\dimen159
\pgf@pt@y=\dimen160
\pgf@pt@temp=\dimen161
)
("D:\Program Files\CTEX\MiKTeX\tex\generic\pgf\basiclayer\pgfcorequick.code.tex
"
File: pgfcorequick.code.tex 2008/10/09  (rcs-revision 1.3)
)
("D:\Program Files\CTEX\MiKTeX\tex\generic\pgf\basiclayer\pgfcoreobjects.code.t
ex"
File: pgfcoreobjects.code.tex 2006/10/11  (rcs-revision 1.2)
)
("D:\Program Files\CTEX\MiKTeX\tex\generic\pgf\basiclayer\pgfcorepathprocessing
.code.tex"
File: pgfcorepathprocessing.code.tex 2008/10/09  (rcs-revision 1.8)
)
("D:\Program Files\CTEX\MiKTeX\tex\generic\pgf\basiclayer\pgfcorearrows.code.te
x"
File: pgfcorearrows.code.tex 2008/04/23  (rcs-revision 1.11)
)
("D:\Program Files\CTEX\MiKTeX\tex\generic\pgf\basiclayer\pgfcoreshade.code.tex
"
File: pgfcoreshade.code.tex 2008/11/23  (rcs-revision 1.13)
\pgf@max=\dimen162
\pgf@sys@shading@range@num=\count116
)
("D:\Program Files\CTEX\MiKTeX\tex\generic\pgf\basiclayer\pgfcoreimage.code.tex
"
File: pgfcoreimage.code.tex 2010/03/25  (rcs-revision 1.16)

("D:\Program Files\CTEX\MiKTeX\tex\generic\pgf\basiclayer\pgfcoreexternal.code.
tex"
File: pgfcoreexternal.code.tex 2010/09/01  (rcs-revision 1.17)
\pgfexternal@startupbox=\box39
))
("D:\Program Files\CTEX\MiKTeX\tex\generic\pgf\basiclayer\pgfcorelayers.code.te
x"
File: pgfcorelayers.code.tex 2010/08/27  (rcs-revision 1.2)
)
("D:\Program Files\CTEX\MiKTeX\tex\generic\pgf\basiclayer\pgfcoretransparency.c
ode.tex"
File: pgfcoretransparency.code.tex 2008/01/17  (rcs-revision 1.2)
)
("D:\Program Files\CTEX\MiKTeX\tex\generic\pgf\basiclayer\pgfcorepatterns.code.
tex"
File: pgfcorepatterns.code.tex 2009/07/02  (rcs-revision 1.3)
))) ("D:\Program Files\CTEX\MiKTeX\tex\latex\pgf\utilities\xxcolor.sty"
Package: xxcolor 2003/10/24 ver 0.1
\XC@nummixins=\count117
\XC@countmixins=\count118
)
("D:\Program Files\CTEX\MiKTeX\tex\latex\hyperref\hyperref.sty"
Package: hyperref 2012/02/06 v6.82o Hypertext links for LaTeX

("D:\Program Files\CTEX\MiKTeX\tex\generic\oberdiek\hobsub-hyperref.sty"
Package: hobsub-hyperref 2011/04/23 v1.4 Bundle oberdiek, subset hyperref (HO)

("D:\Program Files\CTEX\MiKTeX\tex\generic\oberdiek\hobsub-generic.sty"
Package: hobsub-generic 2011/04/23 v1.4 Bundle oberdiek, subset generic (HO)
Package: hobsub 2011/04/23 v1.4 Subsetting bundle oberdiek (HO)
Package hobsub Info: Skipping package `infwarerr' (already loaded).
Package hobsub Info: Skipping package `ltxcmds' (already loaded).
Package: ifluatex 2010/03/01 v1.3 Provides the ifluatex switch (HO)
Package ifluatex Info: LuaTeX not detected.
Package hobsub Info: Skipping package `ifvtex' (already loaded).
Package: intcalc 2007/09/27 v1.1 Expandable integer calculations (HO)
Package hobsub Info: Skipping package `ifpdf' (already loaded).
Package: etexcmds 2011/02/16 v1.5 Prefix for e-TeX command names (HO)
Package etexcmds Info: Could not find \expanded.
(etexcmds)             That can mean that you are not using pdfTeX 1.50 or
(etexcmds)             that some package has redefined \expanded.
(etexcmds)             In the latter case, load this package earlier.
Package: kvsetkeys 2011/04/07 v1.13 Key value parser (HO)
Package: kvdefinekeys 2011/04/07 v1.3 Defining keys (HO)
Package: pdftexcmds 2011/04/22 v0.16 Utilities of pdfTeX for LuaTeX (HO)
Package pdftexcmds Info: LuaTeX not detected.
Package pdftexcmds Info: \pdf@primitive is available.
Package pdftexcmds Info: \pdf@ifprimitive is available.
Package pdftexcmds Info: \pdfdraftmode found.
Package: pdfescape 2011/04/04 v1.12 Provides string conversions (HO)
Package: bigintcalc 2011/01/30 v1.2 Expandable big integer calculations (HO)
Package: bitset 2011/01/30 v1.1 Data type bit set (HO)
Package: uniquecounter 2011/01/30 v1.2 Provides unlimited unique counter (HO)
)
Package hobsub Info: Skipping package `hobsub' (already loaded).
Package: letltxmacro 2010/09/02 v1.4 Let assignment for LaTeX macros (HO)
Package: hopatch 2011/01/30 v1.0 Wrapper for package hooks (HO)
Package: xcolor-patch 2011/01/30 xcolor patch
Package: atveryend 2011/04/23 v1.7 Hooks at very end of document (HO)
Package: atbegshi 2011/01/30 v1.15 At begin shipout hook (HO)
Package: refcount 2010/12/01 v3.2 Data extraction from references (HO)
Package: hycolor 2011/01/30 v1.7 Color options of hyperref/bookmark (HO)
)
("D:\Program Files\CTEX\MiKTeX\tex\latex\oberdiek\kvoptions.sty"
Package: kvoptions 2010/12/23 v3.10 Keyval support for LaTeX options (HO)
)
\@linkdim=\dimen163
\Hy@linkcounter=\count119
\Hy@pagecounter=\count120

("D:\Program Files\CTEX\MiKTeX\tex\latex\hyperref\pd1enc.def"
File: pd1enc.def 2012/02/06 v6.82o Hyperref: PDFDocEncoding definition (HO)
)
\Hy@SavedSpaceFactor=\count121

("D:\Program Files\CTEX\MiKTeX\tex\latex\00miktex\hyperref.cfg"
File: hyperref.cfg 2002/06/06 v1.2 hyperref configuration of TeXLive
)
Package hyperref Info: Option `bookmarks' set `true' on input line 3925.
Package hyperref Info: Option `bookmarksopen' set `true' on input line 3925.
Package hyperref Info: Option `implicit' set `false' on input line 3925.
Package hyperref Info: Hyper figures OFF on input line 4046.
Package hyperref Info: Link nesting OFF on input line 4051.
Package hyperref Info: Hyper index ON on input line 4054.
Package hyperref Info: Plain pages OFF on input line 4061.
Package hyperref Info: Backreferencing OFF on input line 4066.
Package hyperref Info: Implicit mode OFF; no redefinition of LaTeX internals.
Package hyperref Info: Bookmarks ON on input line 4284.
\c@Hy@tempcnt=\count122

("D:\Program Files\CTEX\MiKTeX\tex\latex\ltxmisc\url.sty"
\Urlmuskip=\muskip10
Package: url 2006/04/12  ver 3.3  Verb mode for urls, etc.
)
LaTeX Info: Redefining \url on input line 4637.
\Fld@menulength=\count123
\Field@Width=\dimen164
\Fld@charsize=\dimen165
Package hyperref Info: Hyper figures OFF on input line 5757.
Package hyperref Info: Link nesting OFF on input line 5762.
Package hyperref Info: Hyper index ON on input line 5765.
Package hyperref Info: backreferencing OFF on input line 5772.
Package hyperref Info: Link coloring OFF on input line 5777.
Package hyperref Info: Link coloring with OCG OFF on input line 5782.
Package hyperref Info: PDF/A mode OFF on input line 5787.
LaTeX Info: Redefining \ref on input line 5827.
LaTeX Info: Redefining \pageref on input line 5831.
\Hy@abspage=\count124


Package hyperref Message: Stopped early.

)

Package hyperref Message: Driver (autodetected): hpdftex.

("D:\Program Files\CTEX\MiKTeX\tex\latex\hyperref\hpdftex.def"
File: hpdftex.def 2012/02/06 v6.82o Hyperref driver for pdfTeX
\Fld@listcount=\count125
\c@bookmark@seq@number=\count126

("D:\Program Files\CTEX\MiKTeX\tex\latex\oberdiek\rerunfilecheck.sty"
Package: rerunfilecheck 2011/04/15 v1.7 Rerun checks for auxiliary files (HO)
Package uniquecounter Info: New unique counter `rerunfilecheck' on input line 2
82.
))
Package hyperref Info: Option `CJKbookmarks' set `true' on input line 365.

("D:\Program Files\CTEX\MiKTeX\tex\latex\beamer\base\beamerbaserequires.sty"
Package: beamerbaserequires 2010/05/01  (rcs-revision efa082c6111d)

("D:\Program Files\CTEX\MiKTeX\tex\latex\beamer\base\beamerbasecompatibility.st
y"
Package: beamerbasecompatibility 2011/09/24  (rcs-revision 17e820568435)
) ("D:\Program Files\CTEX\MiKTeX\tex\latex\beamer\base\beamerbasefont.sty"
Package: beamerbasefont 2010/10/26  (rcs-revision f39336aafb3c)

("D:\Program Files\CTEX\MiKTeX\tex\latex\amsfonts\amssymb.sty"
Package: amssymb 2009/06/22 v3.00

("D:\Program Files\CTEX\MiKTeX\tex\latex\amsfonts\amsfonts.sty"
Package: amsfonts 2009/06/22 v3.00 Basic AMSFonts support
\@emptytoks=\toks25
\symAMSa=\mathgroup4
\symAMSb=\mathgroup5
LaTeX Font Info:    Overwriting math alphabet `\mathfrak' in version `bold'
(Font)                  U/euf/m/n --> U/euf/b/n on input line 96.
)))
("D:\Program Files\CTEX\MiKTeX\tex\latex\beamer\base\beamerbasetranslator.sty"
Package: beamerbasetranslator 2010/06/11  (rcs-revision 85fd1cc7fc42)

("D:\Program Files\CTEX\MiKTeX\tex\latex\beamer\base\translator\translator.sty"
Package: translator 2010/06/12 ver 1.10

("D:\Program Files\CTEX\MiKTeX\tex\latex\beamer\base\translator\translator-lang
uage-mappings.tex")))
("D:\Program Files\CTEX\MiKTeX\tex\latex\beamer\base\beamerbasemisc.sty"
Package: beamerbasemisc 2012/02/24  (rcs-revision 2ff5461be705)
)
("D:\Program Files\CTEX\MiKTeX\tex\latex\beamer\base\beamerbasetwoscreens.sty"
Package: beamerbasetwoscreens 2010/05/01  (rcs-revision efa082c6111d)
) ("D:\Program Files\CTEX\MiKTeX\tex\latex\beamer\base\beamerbaseoverlay.sty"
Package: beamerbaseoverlay 2012/02/22  (rcs-revision 1e3e174835fb)
\beamer@argscount=\count127
\beamer@lastskipcover=\skip47
\beamer@trivlistdepth=\count128
)
("D:\Program Files\CTEX\MiKTeX\tex\latex\beamer\base\beamerbasetitle.sty"
Package: beamerbasetitle 2010/09/21  (rcs-revision f0446ed0b6ae)
)
("D:\Program Files\CTEX\MiKTeX\tex\latex\beamer\base\beamerbasesection.sty"
Package: beamerbasesection 2012/02/22  (rcs-revision 9a2581f9efb6)
\c@lecture=\count129
\c@part=\count130
\c@section=\count131
\c@subsection=\count132
\c@subsubsection=\count133
)
("D:\Program Files\CTEX\MiKTeX\tex\latex\beamer\base\beamerbaseframe.sty"
Package: beamerbaseframe 2011/09/12  (rcs-revision 70f9d8411e54)
\beamer@framebox=\box40
\beamer@frametitlebox=\box41
\beamer@zoombox=\box42
\beamer@zoomcount=\count134
\beamer@zoomframecount=\count135
\beamer@frametextheight=\dimen166
\c@subsectionslide=\count136
\beamer@frametopskip=\skip48
\beamer@framebottomskip=\skip49
\beamer@frametopskipautobreak=\skip50
\beamer@framebottomskipautobreak=\skip51
\beamer@envbody=\toks26
\c@framenumber=\count137
)
("D:\Program Files\CTEX\MiKTeX\tex\latex\beamer\base\beamerbaseverbatim.sty"
Package: beamerbaseverbatim 2011/09/12  (rcs-revision 70f9d8411e54)
\beamer@verbatimfileout=\write4
)
("D:\Program Files\CTEX\MiKTeX\tex\latex\beamer\base\beamerbaseframesize.sty"
Package: beamerbaseframesize 2011/09/12  (rcs-revision 70f9d8411e54)
\beamer@splitbox=\box43
\beamer@autobreakcount=\count138
\beamer@autobreaklastheight=\dimen167
\beamer@frametitletoks=\toks27
\beamer@framesubtitletoks=\toks28
)
("D:\Program Files\CTEX\MiKTeX\tex\latex\beamer\base\beamerbaseframecomponents.
sty"
Package: beamerbaseframecomponents 2011/09/12  (rcs-revision 70f9d8411e54)
\beamer@footins=\box44
) ("D:\Program Files\CTEX\MiKTeX\tex\latex\beamer\base\beamerbasecolor.sty"
Package: beamerbasecolor 2010/06/06  (rcs-revision d1a9b48be06d)
) ("D:\Program Files\CTEX\MiKTeX\tex\latex\beamer\base\beamerbasenotes.sty"
Package: beamerbasenotes 2010/05/01  (rcs-revision efa082c6111d)
\beamer@frameboxcopy=\box45
)
("D:\Program Files\CTEX\MiKTeX\tex\latex\beamer\base\beamerbasetoc.sty"
Package: beamerbasetoc 2012/02/28  (rcs-revision 138681b92320)
)
("D:\Program Files\CTEX\MiKTeX\tex\latex\beamer\base\beamerbasetemplates.sty"
Package: beamerbasetemplates 2010/05/01  (rcs-revision efa082c6111d)
\beamer@sbttoks=\toks29

("D:\Program Files\CTEX\MiKTeX\tex\latex\beamer\base\beamerbaseauxtemplates.sty
"
Package: beamerbaseauxtemplates 2010/05/01  (rcs-revision efa082c6111d)
 ("D:\Program Files\CTEX\MiKTeX\tex\latex\beamer\base\beamerbaseboxes.sty"
Package: beamerbaseboxes 2010/05/01  (rcs-revision efa082c6111d)
\bmb@box=\box46
\bmb@colorbox=\box47
\bmb@boxshadow=\box48
\bmb@boxshadowball=\box49
\bmb@boxshadowballlarge=\box50
\bmb@temp=\dimen168
\bmb@dima=\dimen169
\bmb@dimb=\dimen170
\bmb@prevheight=\dimen171
)
\beamer@blockheadheight=\dimen172
))
("D:\Program Files\CTEX\MiKTeX\tex\latex\beamer\base\beamerbaselocalstructure.s
ty"
Package: beamerbaselocalstructure 2012/02/22  (rcs-revision 2ae76965ffee)
 ("D:\Program Files\CTEX\MiKTeX\tex\latex\tools\enumerate.sty"
Package: enumerate 1999/03/05 v3.00 enumerate extensions (DPC)
\@enLab=\toks30
)
\c@figure=\count139
\c@table=\count140
\abovecaptionskip=\skip52
\belowcaptionskip=\skip53
)
("D:\Program Files\CTEX\MiKTeX\tex\latex\beamer\base\beamerbasenavigation.sty"
Package: beamerbasenavigation 2010/05/01  (rcs-revision efa082c6111d)
) ("D:\Program Files\CTEX\MiKTeX\tex\latex\beamer\base\beamerbasetheorems.sty"
Package: beamerbasetheorems 2010/06/06  (rcs-revision 7e7cc5e53e9d)

("D:\Program Files\CTEX\MiKTeX\tex\latex\ams\math\amsmath.sty"
Package: amsmath 2000/07/18 v2.13 AMS math features
\@mathmargin=\skip54

For additional information on amsmath, use the `?' option.
("D:\Program Files\CTEX\MiKTeX\tex\latex\ams\math\amstext.sty"
Package: amstext 2000/06/29 v2.01

("D:\Program Files\CTEX\MiKTeX\tex\latex\ams\math\amsgen.sty"
File: amsgen.sty 1999/11/30 v2.0
\@emptytoks=\toks31
\ex@=\dimen173
))
("D:\Program Files\CTEX\MiKTeX\tex\latex\ams\math\amsbsy.sty"
Package: amsbsy 1999/11/29 v1.2d
\pmbraise@=\dimen174
)
("D:\Program Files\CTEX\MiKTeX\tex\latex\ams\math\amsopn.sty"
Package: amsopn 1999/12/14 v2.01 operator names
)
\inf@bad=\count141
LaTeX Info: Redefining \frac on input line 211.
\uproot@=\count142
\leftroot@=\count143
LaTeX Info: Redefining \overline on input line 307.
\classnum@=\count144
\DOTSCASE@=\count145
LaTeX Info: Redefining \ldots on input line 379.
LaTeX Info: Redefining \dots on input line 382.
LaTeX Info: Redefining \cdots on input line 467.
\Mathstrutbox@=\box51
\strutbox@=\box52
\big@size=\dimen175
LaTeX Font Info:    Redeclaring font encoding OML on input line 567.
LaTeX Font Info:    Redeclaring font encoding OMS on input line 568.
\macc@depth=\count146
\c@MaxMatrixCols=\count147
\dotsspace@=\muskip11
\c@parentequation=\count148
\dspbrk@lvl=\count149
\tag@help=\toks32
\row@=\count150
\column@=\count151
\maxfields@=\count152
\andhelp@=\toks33
\eqnshift@=\dimen176
\alignsep@=\dimen177
\tagshift@=\dimen178
\tagwidth@=\dimen179
\totwidth@=\dimen180
\lineht@=\dimen181
\@envbody=\toks34
\multlinegap=\skip55
\multlinetaggap=\skip56
\mathdisplay@stack=\toks35
LaTeX Info: Redefining \[ on input line 2666.
LaTeX Info: Redefining \] on input line 2667.
)
("D:\Program Files\CTEX\MiKTeX\tex\latex\ams\classes\amsthm.sty"
Package: amsthm 2004/08/06 v2.20
\thm@style=\toks36
\thm@bodyfont=\toks37
\thm@headfont=\toks38
\thm@notefont=\toks39
\thm@headpunct=\toks40
\thm@preskip=\skip57
\thm@postskip=\skip58
\thm@headsep=\skip59
\dth@everypar=\toks41
))
("D:\Program Files\CTEX\MiKTeX\tex\latex\beamer\base\beamerbasethemes.sty"
Package: beamerbasethemes 2010/05/01  (rcs-revision efa082c6111d)
))
("D:\Program Files\CTEX\MiKTeX\tex\latex\beamer\base\themes\theme\beamerthemede
fault.sty"
Package: beamerthemedefault 2010/06/17  (rcs-revision d02a7cf4d8ae)

("D:\Program Files\CTEX\MiKTeX\tex\latex\beamer\base\themes\font\beamerfontthem
edefault.sty"
Package: beamerfontthemedefault 2010/06/17  (rcs-revision d02a7cf4d8ae)
)
("D:\Program Files\CTEX\MiKTeX\tex\latex\beamer\base\themes\color\beamercolorth
emedefault.sty"
Package: beamercolorthemedefault 2010/06/17  (rcs-revision d02a7cf4d8ae)
)
("D:\Program Files\CTEX\MiKTeX\tex\latex\beamer\base\themes\inner\beamerinnerth
emedefault.sty"
Package: beamerinnerthemedefault 2010/06/17  (rcs-revision d02a7cf4d8ae)
\beamer@dima=\dimen182
\beamer@dimb=\dimen183
)
("D:\Program Files\CTEX\MiKTeX\tex\latex\beamer\base\themes\outer\beamerouterth
emedefault.sty"
Package: beamerouterthemedefault 2010/06/17  (rcs-revision d02a7cf4d8ae)
)))
(D:\Documents\Desktop\å‘¨å®¶æœ¨æ¯•ä¸šç­”è¾©slide\beamerouterthemesidebar.sty
Package: beamerouterthemesidebar 2004/12/09  (rcs-revision 1.8)
\beamer@sidebarwidth=\dimen184
\beamer@headheight=\dimen185
)
("D:\Program Files\CTEX\MiKTeX\tex\latex\beamer\base\themes\font\beamerfontthem
eserif.sty"
Package: beamerfontthemeserif 2010/06/17  (rcs-revision d02a7cf4d8ae)
)
("D:\Program Files\CTEX\MiKTeX\tex\latex\beamer\base\themes\theme\beamerthemeFr
ankfurt.sty"
Package: beamerthemeFrankfurt 2010/06/17  (rcs-revision d02a7cf4d8ae)

("D:\Program Files\CTEX\MiKTeX\tex\latex\beamer\base\themes\outer\beamerouterth
emesmoothbars.sty"
Package: beamerouterthemesmoothbars 2010/06/17  (rcs-revision d02a7cf4d8ae)
)
("D:\Program Files\CTEX\MiKTeX\tex\latex\beamer\base\themes\inner\beamerinnerth
emerounded.sty"
Package: beamerinnerthemerounded 2010/06/17  (rcs-revision d02a7cf4d8ae)
)
("D:\Program Files\CTEX\MiKTeX\tex\latex\beamer\base\themes\color\beamercolorth
emeorchid.sty"
Package: beamercolorthemeorchid 2010/06/17  (rcs-revision d02a7cf4d8ae)
)
("D:\Program Files\CTEX\MiKTeX\tex\latex\beamer\base\themes\color\beamercolorth
emewhale.sty"
Package: beamercolorthemewhale 2010/06/17  (rcs-revision d02a7cf4d8ae)
)) ("D:\Program Files\CTEX\MiKTeX\tex\latex\cjk\CJK.sty"
Package: CJK 2008/12/29 4.8.2

("D:\Program Files\CTEX\MiKTeX\tex\latex\cjk\mule\MULEenc.sty"
Package: MULEenc 2008/12/29 4.8.2
)
("D:\Program Files\CTEX\MiKTeX\tex\latex\cjk\CJK.enc"
File: CJK.enc 2008/12/29 4.8.2
)
LaTeX Info: Redefining \selectfont on input line 756.
\CJK@indent=\box53
)
("D:\Program Files\CTEX\MiKTeX\tex\latex\ams\math\amscd.sty"
Package: amscd 1999/11/29 v2.0
\athelp@=\toks42
\minaw@=\dimen186
\bigaw@=\dimen187
\minCDarrowwidth=\dimen188
)
("D:\Program Files\CTEX\MiKTeX\tex\latex\manfnt\manfnt.sty"
Package: manfnt 1999/07/010.2LaTeX2e manfnt package
\dbend@height=\skip60
)
("D:\Program Files\CTEX\MiKTeX\tex\latex\psnfss\times.sty"
Package: times 2005/04/12 PSNFSS-v9.2a (SPQR) 
)
("D:\Program Files\CTEX\MiKTeX\tex\latex\type1cm\type1cm.sty"
Package: type1cm 2002/09/05 v0.04 BlueSky/Y&Y Type1 CM font definitions (DPC, p
atched RF)
)
("D:\Program Files\CTEX\MiKTeX\tex\latex\tools\bm.sty"
Package: bm 2004/02/26 v1.1c Bold Symbol Support (DPC/FMi)
\symboldoperators=\mathgroup6
\symboldletters=\mathgroup7
\symboldsymbols=\mathgroup8
LaTeX Font Info:    Redeclaring math alphabet \mathbf on input line 138.
LaTeX Info: Redefining \bm on input line 204.
)
(D:\Documents\Desktop\å‘¨å®¶æœ¨æ¯•ä¸šç­”è¾©slide\nhgslides.aux

LaTeX Warning: Label `eventsyn7' multiply defined.

)
LaTeX Font Info:    Checking defaults for OML/cmm/m/it on input line 66.
LaTeX Font Info:    ... okay on input line 66.
LaTeX Font Info:    Checking defaults for T1/cmr/m/n on input line 66.
LaTeX Font Info:    ... okay on input line 66.
LaTeX Font Info:    Checking defaults for OT1/cmr/m/n on input line 66.
LaTeX Font Info:    ... okay on input line 66.
LaTeX Font Info:    Checking defaults for OMS/cmsy/m/n on input line 66.
LaTeX Font Info:    ... okay on input line 66.
LaTeX Font Info:    Checking defaults for OMX/cmex/m/n on input line 66.
LaTeX Font Info:    ... okay on input line 66.
LaTeX Font Info:    Checking defaults for U/cmr/m/n on input line 66.
LaTeX Font Info:    ... okay on input line 66.
LaTeX Font Info:    Checking defaults for PD1/pdf/m/n on input line 66.
LaTeX Font Info:    ... okay on input line 66.
LaTeX Font Info:    Checking defaults for C00/song/m/n on input line 66.
LaTeX Font Info:    ... okay on input line 66.
LaTeX Font Info:    Checking defaults for C05/song/m/n on input line 66.
LaTeX Font Info:    ... okay on input line 66.
LaTeX Font Info:    Checking defaults for C09/song/m/n on input line 66.
LaTeX Font Info:    ... okay on input line 66.
LaTeX Font Info:    Checking defaults for C10/song/m/n on input line 66.
LaTeX Font Info:    ... okay on input line 66.
LaTeX Font Info:    Checking defaults for C20/song/m/n on input line 66.
LaTeX Font Info:    ... okay on input line 66.
LaTeX Font Info:    Checking defaults for C19/song/m/n on input line 66.
LaTeX Font Info:    ... okay on input line 66.
LaTeX Font Info:    Checking defaults for C40/song/m/n on input line 66.
LaTeX Font Info:    ... okay on input line 66.
LaTeX Font Info:    Checking defaults for C42/song/m/n on input line 66.
LaTeX Font Info:    ... okay on input line 66.
LaTeX Font Info:    Checking defaults for C43/song/m/n on input line 66.
LaTeX Font Info:    ... okay on input line 66.
LaTeX Font Info:    Checking defaults for C50/song/m/n on input line 66.
LaTeX Font Info:    ... okay on input line 66.
LaTeX Font Info:    Checking defaults for C52/song/m/n on input line 66.
LaTeX Font Info:    ... okay on input line 66.
LaTeX Font Info:    Checking defaults for C49/song/m/n on input line 66.
LaTeX Font Info:    ... okay on input line 66.
LaTeX Font Info:    Checking defaults for C60/mj/m/n on input line 66.
LaTeX Font Info:    ... okay on input line 66.
LaTeX Font Info:    Checking defaults for C61/mj/m/n on input line 66.
LaTeX Font Info:    ... okay on input line 66.
LaTeX Font Info:    Checking defaults for C63/mj/m/n on input line 66.
LaTeX Font Info:    ... okay on input line 66.
LaTeX Font Info:    Checking defaults for C64/mj/m/n on input line 66.
LaTeX Font Info:    ... okay on input line 66.
LaTeX Font Info:    Checking defaults for C65/mj/m/n on input line 66.
LaTeX Font Info:    ... okay on input line 66.
LaTeX Font Info:    Checking defaults for C70/song/m/n on input line 66.
LaTeX Font Info:    ... okay on input line 66.
LaTeX Font Info:    Checking defaults for C31/song/m/n on input line 66.
LaTeX Font Info:    ... okay on input line 66.
LaTeX Font Info:    Checking defaults for C32/song/m/n on input line 66.
LaTeX Font Info:    ... okay on input line 66.
LaTeX Font Info:    Checking defaults for C33/song/m/n on input line 66.
LaTeX Font Info:    ... okay on input line 66.
LaTeX Font Info:    Checking defaults for C34/song/m/n on input line 66.
LaTeX Font Info:    ... okay on input line 66.
LaTeX Font Info:    Checking defaults for C35/song/m/n on input line 66.
LaTeX Font Info:    ... okay on input line 66.
LaTeX Font Info:    Checking defaults for C36/song/m/n on input line 66.
LaTeX Font Info:    ... okay on input line 66.
LaTeX Font Info:    Checking defaults for C37/song/m/n on input line 66.
LaTeX Font Info:    ... okay on input line 66.
LaTeX Font Info:    Checking defaults for C80/song/m/n on input line 66.
LaTeX Font Info:    ... okay on input line 66.
LaTeX Font Info:    Checking defaults for C81/song/m/n on input line 66.
LaTeX Font Info:    ... okay on input line 66.
LaTeX Font Info:    Checking defaults for C01/song/m/n on input line 66.
LaTeX Font Info:    ... okay on input line 66.
LaTeX Font Info:    Checking defaults for C11/song/m/n on input line 66.
LaTeX Font Info:    ... okay on input line 66.
LaTeX Font Info:    Checking defaults for C21/song/m/n on input line 66.
LaTeX Font Info:    ... okay on input line 66.
LaTeX Font Info:    Checking defaults for C41/song/m/n on input line 66.
LaTeX Font Info:    ... okay on input line 66.
LaTeX Font Info:    Checking defaults for C62/song/m/n on input line 66.
LaTeX Font Info:    ... okay on input line 66.
LaTeX Font Info:    Try loading font information for OT1+ptm on input line 66.
 ("D:\Program Files\CTEX\MiKTeX\tex\latex\psnfss\ot1ptm.fd"
File: ot1ptm.fd 2001/06/04 font definitions for OT1/ptm.
)
*geometry* driver: auto-detecting
*geometry* detected driver: pdftex
*geometry* verbose mode - [ preamble ] result:
* driver: pdftex
* paper: custom
* layout: <same size as paper>
* layoutoffset:(h,v)=(0.0pt,0.0pt)
* modes: includehead includefoot 
* h-part:(L,W,R)=(28.45274pt, 307.28987pt, 28.45274pt)
* v-part:(T,H,B)=(0.0pt, 273.14662pt, 0.0pt)
* \paperwidth=364.19536pt
* \paperheight=273.14662pt
* \textwidth=307.28987pt
* \textheight=244.6939pt
* \oddsidemargin=-43.81725pt
* \evensidemargin=-43.81725pt
* \topmargin=-72.26999pt
* \headheight=14.22636pt
* \headsep=0.0pt
* \topskip=11.0pt
* \footskip=14.22636pt
* \marginparwidth=4.0pt
* \marginparsep=10.0pt
* \columnsep=10.0pt
* \skip\footins=10.0pt plus 4.0pt minus 2.0pt
* \hoffset=0.0pt
* \voffset=0.0pt
* \mag=1000
* \@twocolumnfalse
* \@twosidefalse
* \@mparswitchfalse
* \@reversemarginfalse
* (1in=72.27pt=25.4mm, 1cm=28.453pt)

("D:\Program Files\CTEX\MiKTeX\tex\context\base\supp-pdf.mkii"
[Loading MPS to PDF converter (version 2006.09.02).]
\scratchcounter=\count153
\scratchdimen=\dimen189
\scratchbox=\box54
\nofMPsegments=\count154
\nofMParguments=\count155
\everyMPshowfont=\toks43
\MPscratchCnt=\count156
\MPscratchDim=\dimen190
\MPnumerator=\count157
\makeMPintoPDFobject=\count158
\everyMPtoPDFconversion=\toks44
) ABD: EveryShipout initializing macros
\AtBeginShipoutBox=\box55
Package hyperref Info: Link coloring OFF on input line 66.

("D:\Program Files\CTEX\MiKTeX\tex\latex\hyperref\nameref.sty"
Package: nameref 2010/04/30 v2.40 Cross-referencing by name of section

("D:\Program Files\CTEX\MiKTeX\tex\generic\oberdiek\gettitlestring.sty"
Package: gettitlestring 2010/12/03 v1.4 Cleanup title references (HO)
)
\c@section@level=\count159
)
LaTeX Info: Redefining \ref on input line 66.
LaTeX Info: Redefining \pageref on input line 66.
LaTeX Info: Redefining \nameref on input line 66.

(D:\Documents\Desktop\å‘¨å®¶æœ¨æ¯•ä¸šç­”è¾©slide\nhgslides.out)
(D:\Documents\Desktop\å‘¨å®¶æœ¨æ¯•ä¸šç­”è¾©slide\nhgslides.out)
\@outlinefile=\write5
\symnumbers=\mathgroup9
\sympureletters=\mathgroup10
LaTeX Font Info:    Overwriting math alphabet `\mathrm' in version `normal'
(Font)                  OT1/cmr/m/n --> OT1/ptm/m/n on input line 66.
LaTeX Font Info:    Redeclaring math alphabet \mathbf on input line 66.
LaTeX Font Info:    Redeclaring math alphabet \mathsf on input line 66.
LaTeX Font Info:    Overwriting math alphabet `\mathsf' in version `normal'
(Font)                  OT1/cmss/m/n --> OT1/phv/m/n on input line 66.
LaTeX Font Info:    Overwriting math alphabet `\mathsf' in version `bold'
(Font)                  OT1/cmss/bx/n --> OT1/phv/m/n on input line 66.
LaTeX Font Info:    Redeclaring math alphabet \mathit on input line 66.
LaTeX Font Info:    Overwriting math alphabet `\mathit' in version `normal'
(Font)                  OT1/cmr/m/it --> OT1/ptm/m/it on input line 66.
LaTeX Font Info:    Overwriting math alphabet `\mathit' in version `bold'
(Font)                  OT1/cmr/bx/it --> OT1/ptm/m/it on input line 66.
LaTeX Font Info:    Redeclaring math alphabet \mathtt on input line 66.
LaTeX Font Info:    Overwriting math alphabet `\mathtt' in version `normal'
(Font)                  OT1/cmtt/m/n --> OT1/pcr/m/n on input line 66.
LaTeX Font Info:    Overwriting math alphabet `\mathtt' in version `bold'
(Font)                  OT1/cmtt/m/n --> OT1/pcr/m/n on input line 66.
LaTeX Font Info:    Overwriting symbol font `numbers' in version `bold'
(Font)                  OT1/ptm/m/n --> OT1/ptm/bx/n on input line 66.
LaTeX Font Info:    Overwriting symbol font `pureletters' in version `bold'
(Font)                  OT1/ptm/m/it --> OT1/ptm/bx/it on input line 66.
LaTeX Font Info:    Overwriting math alphabet `\mathrm' in version `bold'
(Font)                  OT1/cmr/bx/n --> OT1/ptm/bx/n on input line 66.
LaTeX Font Info:    Overwriting math alphabet `\mathbf' in version `bold'
(Font)                  OT1/ptm/bx/n --> OT1/ptm/bx/n on input line 66.
LaTeX Font Info:    Overwriting math alphabet `\mathsf' in version `bold'
(Font)                  OT1/phv/m/n --> OT1/phv/bx/n on input line 66.
LaTeX Font Info:    Overwriting math alphabet `\mathit' in version `bold'
(Font)                  OT1/ptm/m/it --> OT1/ptm/bx/it on input line 66.
LaTeX Font Info:    Overwriting math alphabet `\mathtt' in version `bold'
(Font)                  OT1/pcr/m/n --> OT1/pcr/bx/n on input line 66.

("D:\Program Files\CTEX\MiKTeX\tex\latex\beamer\base\translator\dicts\translato
r-basic-dictionary\translator-basic-dictionary-English.dict"
Dictionary: translator-basic-dictionary, Language: English 
)
("D:\Program Files\CTEX\MiKTeX\tex\latex\beamer\base\translator\dicts\translato
r-bibliography-dictionary\translator-bibliography-dictionary-English.dict"
Dictionary: translator-bibliography-dictionary, Language: English 
)
("D:\Program Files\CTEX\MiKTeX\tex\latex\beamer\base\translator\dicts\translato
r-environment-dictionary\translator-environment-dictionary-English.dict"
Dictionary: translator-environment-dictionary, Language: English 
)
("D:\Program Files\CTEX\MiKTeX\tex\latex\beamer\base\translator\dicts\translato
r-months-dictionary\translator-months-dictionary-English.dict"
Dictionary: translator-months-dictionary, Language: English 
)
("D:\Program Files\CTEX\MiKTeX\tex\latex\beamer\base\translator\dicts\translato
r-numbers-dictionary\translator-numbers-dictionary-English.dict"
Dictionary: translator-numbers-dictionary, Language: English 
)
("D:\Program Files\CTEX\MiKTeX\tex\latex\beamer\base\translator\dicts\translato
r-theorem-dictionary\translator-theorem-dictionary-English.dict"
Dictionary: translator-theorem-dictionary, Language: English 
)
LaTeX Info: Redefining \includegraphics on input line 66.

(D:\Documents\Desktop\å‘¨å®¶æœ¨æ¯•ä¸šç­”è¾©slide\nhgslides.nav)
("D:\Program Files\CTEX\MiKTeX\tex\latex\cjk\standard.bdg"
File: standard.bdg 2008/12/29 4.8.2
)
("D:\Program Files\CTEX\MiKTeX\tex\latex\cjk\extended.enc"
File: extended.enc 2008/12/29 4.8.2
)
("D:\Program Files\CTEX\MiKTeX\tex\latex\cjk\extended.chr"
File: extended.chr 2008/12/29 4.8.2
)

Package array Warning: Column H is already defined on input line 83.

LaTeX Font Info:    Try loading font information for C19+hei on input line 120.

("D:\Program Files\CTEX\CTeX\tex\latex\CJK\GB\c19hei.fd"
File: c19hei.fd 2009/09/23 4.8.2
)
LaTeX Font Info:    Font shape `OT1/ptm/bx/n' in size <8> not available
(Font)              Font shape `OT1/ptm/b/n' tried instead on input line 120.
LaTeX Font Info:    Try loading font information for C19+fs on input line 120.

("D:\Program Files\CTEX\CTeX\tex\latex\CJK\GB\c19fs.fd"
File: c19fs.fd 2009/09/23 4.8.2
) [1{D:/Program Files/CTEX/UserData/pdftex/config/pdftex.map{Unicode.sfd}{UGBK.
sfd}}

]

Package hyperref Warning: Option `pdfauthor' has already been used,
(hyperref)                setting the option has no effect on input line 122.

(D:\Documents\Desktop\å‘¨å®¶æœ¨æ¯•ä¸šç­”è¾©slide\nhgslides.toc) [2

]
LaTeX Font Info:    Try loading font information for C19+song on input line 147
.

("D:\Program Files\CTEX\CTeX\tex\latex\CJK\GB\c19song.fd"
File: c19song.fd 2009/09/23 4.8.2
)
<foodchain.jpg, id=331, 451.6875pt x 338.76563pt>
File: foodchain.jpg Graphic file (type jpg)
 <use foodchain.jpg>
Package pdftex.def Info: foodchain.jpg used on input line 147.
(pdftex.def)             Requested size: 189.68677pt x 142.26378pt.

<shehui.jpg, id=332, 1246.6575pt x 937.5025pt>
File: shehui.jpg Graphic file (type jpg)
 <use shehui.jpg>
Package pdftex.def Info: shehui.jpg used on input line 147.
(pdftex.def)             Requested size: 189.1591pt x 142.26378pt.
 [3

 <D:/Documents/Desktop/å‘¨å®¶æœ¨æ¯•ä¸šç­”è¾©slide/foodchain.jpg> <D:/Documents/
Desktop/å‘¨å®¶æœ¨æ¯•ä¸šç­”è¾©slide/shehui.jpg>]
<yinghuochong.jpg, id=427, 226.665pt x 183.887pt>
File: yinghuochong.jpg Graphic file (type jpg)
 <use yinghuochong.jpg>
Package pdftex.def Info: yinghuochong.jpg used on input line 160.
(pdftex.def)             Requested size: 175.36955pt x 142.26378pt.

<consent.jpg, id=428, 943.525pt x 627.34375pt>
File: consent.jpg Graphic file (type jpg)
 <use consent.jpg>
Package pdftex.def Info: consent.jpg used on input line 160.
(pdftex.def)             Requested size: 213.96841pt x 142.26378pt.
 [4

 <D:/Documents/Desktop/å‘¨å®¶æœ¨æ¯•ä¸šç­”è¾©slide/yinghuochong.jpg> <D:/Documen
ts/Desktop/å‘¨å®¶æœ¨æ¯•ä¸šç­”è¾©slide/consent.jpg>] [5

 <D:/Program Files/CTEX/MiKTeX/tex/latex/beamer/base/art/beamericonarticle.pdf>
] [6

]
LaTeX Font Info:    Font shape `OT1/ptm/bx/n' in size <10> not available
(Font)              Font shape `OT1/ptm/b/n' tried instead on input line 219.
 [7

] [8

] [9

] [10

]pdfTeX warning (ext4): destination with the same identifier (name{beamerbibeve
ntsyn7}) has been already used, duplicate ignored
<to be read again> 
                   \relax 
l.292 }
       
Overfull \vbox (8.21788pt too high) detected at line 292
 []

[11

] [12

] [13

] <figures/flowchartcon1.png, id=1150, 487.8225pt x 420.57124pt>
File: figures/flowchartcon1.png Graphic file (type png)

<use figures/flowchartcon1.png>
Package pdftex.def Info: figures/flowchartcon1.png used on input line 335.
(pdftex.def)             Requested size: 330.02522pt x 284.52756pt.

Overfull \vbox (4.43202pt too high) detected at line 335
 []

[14

 <D:/Documents/Desktop/å‘¨å®¶æœ¨æ¯•ä¸šç­”è¾©slide/figures/flowchartcon1.png>] [
15

]
LaTeX Font Info:    Try loading font information for C19+kai on input line 390.

 ("D:\Program Files\CTEX\CTeX\tex\latex\CJK\GB\c19kai.fd"
File: c19kai.fd 2009/09/23 4.8.2
)
Overfull \hbox (25.66696pt too wide) in paragraph at lines 390--390
[]  
 []

[16

] [17

] <figures/flowchartdec2.png, id=1448, 490.83376pt x 425.59pt>
File: figures/flowchartdec2.png Graphic file (type png)

<use figures/flowchartdec2.png>
Package pdftex.def Info: figures/flowchartdec2.png used on input line 417.
(pdftex.def)             Requested size: 328.16039pt x 284.52756pt.

Overfull \vbox (4.39203pt too high) detected at line 417
 []

[18

 <D:/Documents/Desktop/å‘¨å®¶æœ¨æ¯•ä¸šç­”è¾©slide/figures/flowchartdec2.png>] [
19

]
Overfull \hbox (25.66696pt too wide) in paragraph at lines 470--470
[]  
 []

[20

] [21

] <figures/NewL1.pdf, id=1720, 722.7pt x 578.16pt>
File: figures/NewL1.pdf Graphic file (type pdf)

<use figures/NewL1.pdf>
Package pdftex.def Info: figures/NewL1.pdf used on input line 518.
(pdftex.def)             Requested size: 213.39314pt x 170.71652pt.
 <figures/NewL2.pdf, id=1721, 722.7pt x 578.16pt>
File: figures/NewL2.pdf Graphic file (type pdf)

<use figures/NewL2.pdf>
Package pdftex.def Info: figures/NewL2.pdf used on input line 518.
(pdftex.def)             Requested size: 213.39314pt x 170.71652pt.
 <figures/NewL3.pdf, id=1722, 722.7pt x 578.16pt>
File: figures/NewL3.pdf Graphic file (type pdf)

<use figures/NewL3.pdf>
Package pdftex.def Info: figures/NewL3.pdf used on input line 518.
(pdftex.def)             Requested size: 213.39314pt x 170.71652pt.

<figures/randomvariabel-eps-converted-to.pdf, id=1723, 482.80376pt x 383.4325pt
>
File: figures/randomvariabel-eps-converted-to.pdf Graphic file (type pdf)
 <use figures/randomvariabel-eps-converted-to.pdf>
Package pdftex.def Info: figures/randomvariabel-eps-converted-to.pdf used on in
put line 518.
(pdftex.def)             Requested size: 214.96118pt x 170.71652pt.
 [22

 <D:/Documents/Desktop/å‘¨å®¶æœ¨æ¯•ä¸šç­”è¾©slide/figures/NewL1.pdf> <D:/Docume
nts/Desktop/å‘¨å®¶æœ¨æ¯•ä¸šç­”è¾©slide/figures/NewL2.pdf> <D:/Documents/Desktop
/å‘¨å®¶æœ¨æ¯•ä¸šç­”è¾©slide/figures/NewL3.pdf> <D:/Documents/Desktop/å‘¨å®¶æœ¨æ
¯•ä¸šç­”è¾©slide/figures/randomvariabel-eps-converted-to.pdf>]
<figures/state2223.jpg, id=1808, 644.4075pt x 529.98pt>
File: figures/state2223.jpg Graphic file (type jpg)

<use figures/state2223.jpg>
Package pdftex.def Info: figures/state2223.jpg used on input line 535.
(pdftex.def)             Requested size: 207.57155pt x 170.71652pt.

<figures/state1612.jpg, id=1809, 644.4075pt x 533.995pt>
File: figures/state1612.jpg Graphic file (type jpg)

<use figures/state1612.jpg>
Package pdftex.def Info: figures/state1612.jpg used on input line 535.
(pdftex.def)             Requested size: 206.01796pt x 170.71652pt.

<figures/dstateoneand2212.jpg, id=1810, 644.4075pt x 521.95pt>
File: figures/dstateoneand2212.jpg Graphic file (type jpg)

<use figures/dstateoneand2212.jpg>
Package pdftex.def Info: figures/dstateoneand2212.jpg used on input line 535.
(pdftex.def)             Requested size: 210.76723pt x 170.71652pt.

<figures/dstatedata3840.jpg, id=1811, 644.4075pt x 525.965pt>
File: figures/dstatedata3840.jpg Graphic file (type jpg)

<use figures/dstatedata3840.jpg>
Package pdftex.def Info: figures/dstatedata3840.jpg used on input line 535.
(pdftex.def)             Requested size: 209.16446pt x 170.71652pt.

Overfull \vbox (6.89383pt too high) detected at line 535
 []

[23

 <D:/Documents/Desktop/å‘¨å®¶æœ¨æ¯•ä¸šç­”è¾©slide/figures/state2223.jpg> <D:/Do
cuments/Desktop/å‘¨å®¶æœ¨æ¯•ä¸šç­”è¾©slide/figures/state1612.jpg> <D:/Documents
/Desktop/å‘¨å®¶æœ¨æ¯•ä¸šç­”è¾©slide/figures/dstateoneand2212.jpg> <D:/Documents
/Desktop/å‘¨å®¶æœ¨æ¯•ä¸šç­”è¾©slide/figures/dstatedata3840.jpg>]
<figures/Totallerror1.pdf, id=1879, 478.78876pt x 377.41pt>
File: figures/Totallerror1.pdf Graphic file (type pdf)

<use figures/Totallerror1.pdf>
Package pdftex.def Info: figures/Totallerror1.pdf used on input line 552.
(pdftex.def)             Requested size: 216.57072pt x 170.71652pt.

<figures/Totallerror2.pdf, id=1880, 478.78876pt x 377.41pt>
File: figures/Totallerror2.pdf Graphic file (type pdf)

<use figures/Totallerror2.pdf>
Package pdftex.def Info: figures/Totallerror2.pdf used on input line 552.
(pdftex.def)             Requested size: 216.57072pt x 170.71652pt.

<figures/triggertime.pdf, id=1881, 478.78876pt x 379.4175pt>
File: figures/triggertime.pdf Graphic file (type pdf)

<use figures/triggertime.pdf>
Package pdftex.def Info: figures/triggertime.pdf used on input line 552.
(pdftex.def)             Requested size: 215.43103pt x 170.71652pt.

<figures/Vt.pdf, id=1882, 478.78876pt x 379.4175pt>
File: figures/Vt.pdf Graphic file (type pdf)
 <use figures/Vt.pdf>
Package pdftex.def Info: figures/Vt.pdf used on input line 552.
(pdftex.def)             Requested size: 215.43103pt x 170.71652pt.

Overfull \vbox (6.89383pt too high) detected at line 552
 []

[24

 <D:/Documents/Desktop/å‘¨å®¶æœ¨æ¯•ä¸šç­”è¾©slide/figures/Totallerror1.pdf> <D:
/Documents/Desktop/å‘¨å®¶æœ¨æ¯•ä¸šç­”è¾©slide/figures/Totallerror2.pdf> <D:/Doc
uments/Desktop/å‘¨å®¶æœ¨æ¯•ä¸šç­”è¾©slide/figures/triggertime.pdf> <D:/Document
s/Desktop/å‘¨å®¶æœ¨æ¯•ä¸šç­”è¾©slide/figures/Vt.pdf>] [25

] [26

] [27

]
[28

] [29

] [30

] [31

] [32

] [33

] [34

]
<figure1.pdf, id=2657, 474.77374pt x 364.36125pt>
File: figure1.pdf Graphic file (type pdf)
 <use figure1.pdf>
Package pdftex.def Info: figure1.pdf used on input line 720.
(pdftex.def)             Requested size: 203.90965pt x 156.49014pt.

<figure2.pdf, id=2658, 420.57124pt x 316.18124pt>
File: figure2.pdf Graphic file (type pdf)
 <use figure2.pdf>
Package pdftex.def Info: figure2.pdf used on input line 720.
(pdftex.def)             Requested size: 208.16095pt x 156.49014pt.

<figures/xi-xj.pdf, id=2659, 478.78876pt x 391.4625pt>
File: figures/xi-xj.pdf Graphic file (type pdf)
 <use figures/xi-xj.pdf>
Package pdftex.def Info: figures/xi-xj.pdf used on input line 720.
(pdftex.def)             Requested size: 191.40251pt x 156.49014pt.

<figure4.pdf, id=2660, 474.77374pt x 367.3725pt>
File: figure4.pdf Graphic file (type pdf)
 <use figure4.pdf>
Package pdftex.def Info: figure4.pdf used on input line 720.
(pdftex.def)             Requested size: 202.24344pt x 156.49014pt.

Overfull \vbox (1.04974pt too high) detected at line 720
 []

[35

 <D:/Documents/Desktop/å‘¨å®¶æœ¨æ¯•ä¸šç­”è¾©slide/figure1.pdf> <D:/Documents/De
sktop/å‘¨å®¶æœ¨æ¯•ä¸šç­”è¾©slide/figure2.pdf> <D:/Documents/Desktop/å‘¨å®¶æœ¨æ¯
•ä¸šç­”è¾©slide/figures/xi-xj.pdf> <D:/Documents/Desktop/å‘¨å®¶æœ¨æ¯•ä¸šç­”è¾©s
lide/figure4.pdf>] [36

] [37

]
LaTeX Font Info:    Font shape `OT1/ptm/bx/n' in size <7> not available
(Font)              Font shape `OT1/ptm/b/n' tried instead on input line 755.
LaTeX Font Info:    Font shape `OT1/ptm/bx/n' in size <5> not available
(Font)              Font shape `OT1/ptm/b/n' tried instead on input line 755.
 [38

]
Overfull \hbox (17.0823pt too wide) in paragraph at lines 774--774
[]  
 []

[39

] [40

] [41

] [42

] <cestate.pdf, id=3225, 421.575pt x 317.185pt>
File: cestate.pdf Graphic file (type pdf)

<use cestate.pdf>
Package pdftex.def Info: cestate.pdf used on input line 837.
(pdftex.def)             Requested size: 207.99518pt x 156.49014pt.
 <figures/ceEt.pdf, id=3226, 420.57124pt x 316.18124pt>
File: figures/ceEt.pdf Graphic file (type pdf)

<use figures/ceEt.pdf>
Package pdftex.def Info: figures/ceEt.pdf used on input line 837.
(pdftex.def)             Requested size: 208.16095pt x 156.49014pt.
 <destate.pdf, id=3227, 421.575pt x 317.185pt>
File: destate.pdf Graphic file (type pdf)

<use destate.pdf>
Package pdftex.def Info: destate.pdf used on input line 837.
(pdftex.def)             Requested size: 207.99518pt x 156.49014pt.
 <figures/deEt.pdf, id=3228, 420.57124pt x 316.18124pt>
File: figures/deEt.pdf Graphic file (type pdf)

<use figures/deEt.pdf>
Package pdftex.def Info: figures/deEt.pdf used on input line 837.
(pdftex.def)             Requested size: 208.16095pt x 156.49014pt.

Overfull \vbox (1.04974pt too high) detected at line 837
 []

[43

 <D:/Documents/Desktop/å‘¨å®¶æœ¨æ¯•ä¸šç­”è¾©slide/cestate.pdf> <D:/Documents/De
sktop/å‘¨å®¶æœ¨æ¯•ä¸šç­”è¾©slide/figures/ceEt.pdf> <D:/Documents/Desktop/å‘¨å®¶
æœ¨æ¯•ä¸šç­”è¾©slide/destate.pdf> <D:/Documents/Desktop/å‘¨å®¶æœ¨æ¯•ä¸šç­”è¾©sl
ide/figures/deEt.pdf>] <figures/gct.pdf, id=3311, 509.905pt x 365.365pt>
File: figures/gct.pdf Graphic file (type pdf)

<use figures/gct.pdf>
Package pdftex.def Info: figures/gct.pdf used on input line 853.
(pdftex.def)             Requested size: 238.25488pt x 170.71652pt.
 <figures/git.pdf, id=3312, 509.905pt x 368.37625pt>
File: figures/git.pdf Graphic file (type pdf)

<use figures/git.pdf>
Package pdftex.def Info: figures/git.pdf used on input line 853.
(pdftex.def)             Requested size: 236.30197pt x 170.71652pt.

Overfull \hbox (7.66911pt too wide) in paragraph at lines 853--853
 [] 
 []

<figures/trigger.pdf, id=3313, 509.905pt x 371.3875pt>
File: figures/trigger.pdf Graphic file (type pdf)

<use figures/trigger.pdf>
Package pdftex.def Info: figures/trigger.pdf used on input line 853.
(pdftex.def)             Requested size: 234.39575pt x 170.71652pt.
 [44

 <D:/Documents/Desktop/å‘¨å®¶æœ¨æ¯•ä¸šç­”è¾©slide/figures/gct.pdf> <D:/Document
s/Desktop/å‘¨å®¶æœ¨æ¯•ä¸šç­”è¾©slide/figures/git.pdf> <D:/Documents/Desktop/å‘¨
å®¶æœ¨æ¯•ä¸šç­”è¾©slide/figures/trigger.pdf>]
[45

] [46

] [47

] [48

]
LaTeX Font Info:    Font shape `OT1/ptm/bx/n' in size <6> not available
(Font)              Font shape `OT1/ptm/b/n' tried instead on input line 929.
 [49

] <figures/end.pdf, id=3732, 563.20624pt x 412.10162pt>
File: figures/end.pdf Graphic file (type pdf)

<use figures/end.pdf>
Package pdftex.def Info: figures/end.pdf used on input line 938.
(pdftex.def)             Requested size: 325.215pt x 237.96898pt.

Overfull \hbox (17.92513pt too wide) in paragraph at lines 938--938
 [] 
 []


Overfull \vbox (11.62233pt too high) detected at line 938
 []

[50

 <D:/Documents/Desktop/å‘¨å®¶æœ¨æ¯•ä¸šç­”è¾©slide/figures/end.pdf>]
\tf@nav=\write6
\tf@toc=\write7
\tf@snm=\write8
Package atveryend Info: Empty hook `BeforeClearDocument' on input line 943.
Package atveryend Info: Empty hook `AfterLastShipout' on input line 943.

(D:\Documents\Desktop\å‘¨å®¶æœ¨æ¯•ä¸šç­”è¾©slide\nhgslides.aux)
Package atveryend Info: Executing hook `AtVeryEndDocument' on input line 943.
Package atveryend Info: Executing hook `AtEndAfterFileList' on input line 943.


Package rerunfilecheck Warning: File `nhgslides.out' has changed.
(rerunfilecheck)                Rerun to get outlines right
(rerunfilecheck)                or use package `bookmark'.

Package rerunfilecheck Info: Checksums for `nhgslides.out':
(rerunfilecheck)             Before: 051D18D73F2277D36E75FACF54948963;404
(rerunfilecheck)             After:  CF2DAB7F9ABAB5CAAC3834A1435521E6;226.

LaTeX Warning: There were multiply-defined labels.

 ) 
Here is how much of TeX's memory you used:
 18486 strings out of 495354
 337515 string characters out of 3183075
 451542 words of memory out of 3000000
 20918 multiletter control sequences out of 15000+200000
 108986 words of font info for 321 fonts, out of 3000000 for 9000
 14 hyphenation exceptions out of 8191
 55i,20n,69p,490b,1557s stack positions out of 5000i,500n,10000p,200000b,50000s
<C:/Windows/Fonts/simkai.ttf><C:/Windows/Fonts/simkai.ttf><C:/Windows/Fonts/s
imkai.ttf><C:/Windows/Fonts/simkai.ttf><C:/Windows/Fonts/simkai.ttf><C:/Windows
/Fonts/simkai.ttf><C:/Windows/Fonts/simkai.ttf><C:/Windows/Fonts/simkai.ttf><C:
/Windows/Fonts/simkai.ttf><C:/Windows/Fonts/simkai.ttf><C:/Windows/Fonts/simkai
.ttf><C:/Windows/Fonts/simkai.ttf><C:/Windows/Fonts/simkai.ttf><C:/Windows/Font
s/simkai.ttf><C:/Windows/Fonts/simkai.ttf><C:/Windows/Fonts/simkai.ttf><C:/Wind
ows/Fonts/simkai.ttf><C:/Windows/Fonts/simkai.ttf><C:/Windows/Fonts/simkai.ttf>
<C:/Windows/Fonts/simkai.ttf><C:/Windows/Fonts/simkai.ttf><C:/Windows/Fonts/sim
kai.ttf><C:/Windows/Fonts/simkai.ttf><C:/Windows/Fonts/simkai.ttf><C:/Windows/F
onts/simkai.ttf><C:/Windows/Fonts/simkai.ttf><C:/Windows/Fonts/simkai.ttf><C:/W
indows/Fonts/simkai.ttf><C:/Windows/Fonts/simkai.ttf>{D:/Program Files/CTEX/MiK
TeX/fonts/enc/dvips/fontname/8r.enc}<D:/Program Files/CTEX/CTeX/fonts/truetype/
chinese/simsun.ttf><D:/Program Files/CTEX/CTeX/fonts/truetype/chinese/simsun.tt
f><D:/Program Files/CTEX/CTeX/fonts/truetype/chinese/simsun.ttf><D:/Program Fil
es/CTEX/CTeX/fonts/truetype/chinese/simsun.ttf><D:/Program Files/CTEX/CTeX/font
s/truetype/chinese/simsun.ttf><D:/Program Files/CTEX/CTeX/fonts/truetype/chines
e/simsun.ttf><D:/Program Files/CTEX/CTeX/fonts/truetype/chinese/simsun.ttf><D:/
Program Files/CTEX/CTeX/fonts/truetype/chinese/simsun.ttf><D:/Program Files/CTE
X/CTeX/fonts/truetype/chinese/simsun.ttf><D:/Program Files/CTEX/CTeX/fonts/true
type/chinese/simsun.ttf><D:/Program Files/CTEX/CTeX/fonts/truetype/chinese/sims
un.ttf><D:/Program Files/CTEX/CTeX/fonts/truetype/chinese/simsun.ttf><D:/Progra
m Files/CTEX/CTeX/fonts/truetype/chinese/simsun.ttf><D:/Program Files/CTEX/CTeX
/fonts/truetype/chinese/simsun.ttf><D:/Program Files/CTEX/CTeX/fonts/truetype/c
hinese/simsun.ttf><D:/Program Files/CTEX/CTeX/fonts/truetype/chinese/simsun.ttf
><D:/Program Files/CTEX/CTeX/fonts/truetype/chinese/simsun.ttf><D:/Program File
s/CTEX/CTeX/fonts/truetype/chinese/simsun.ttf><D:/Program Files/CTEX/CTeX/fonts
/truetype/chinese/simsun.ttf><D:/Program Files/CTEX/CTeX/fonts/truetype/chinese
/simsun.ttf><D:/Program Files/CTEX/CTeX/fonts/truetype/chinese/simsun.ttf><D:/P
rogram Files/CTEX/CTeX/fonts/truetype/chinese/simsun.ttf><D:/Program Files/CTEX
/CTeX/fonts/truetype/chinese/simsun.ttf><D:/Program Files/CTEX/CTeX/fonts/truet
ype/chinese/simsun.ttf><D:/Program Files/CTEX/CTeX/fonts/truetype/chinese/simsu
n.ttf><D:/Program Files/CTEX/CTeX/fonts/truetype/chinese/simsun.ttf><D:/Program
 Files/CTEX/CTeX/fonts/truetype/chinese/simsun.ttf><D:/Program Files/CTEX/CTeX/
fonts/truetype/chinese/simsun.ttf><D:/Program Files/CTEX/CTeX/fonts/truetype/ch
inese/simsun.ttf><D:/Program Files/CTEX/CTeX/fonts/truetype/chinese/simsun.ttf>
<D:/Program Files/CTEX/CTeX/fonts/truetype/chinese/simsun.ttf><D:/Program Files
/CTEX/CTeX/fonts/truetype/chinese/simsun.ttf><D:/Program Files/CTEX/CTeX/fonts/
truetype/chinese/simsun.ttf><D:/Program Files/CTEX/CTeX/fonts/truetype/chinese/
simsun.ttf><D:/Program Files/CTEX/CTeX/fonts/truetype/chinese/simsun.ttf><C:/Wi
ndows/Fonts/simhei.ttf><C:/Windows/Fonts/simhei.ttf><C:/Windows/Fonts/simhei.tt
f><C:/Windows/Fonts/simfang.ttf><C:/Windows/Fonts/simfang.ttf><C:/Windows/Fonts
/simfang.ttf><C:/Windows/Fonts/simfang.ttf><C:/Windows/Fonts/simfang.ttf><C:/Wi
ndows/Fonts/simfang.ttf><C:/Windows/Fonts/simfang.ttf><C:/Windows/Fonts/simfang
.ttf><C:/Windows/Fonts/simfang.ttf><C:/Windows/Fonts/simfang.ttf><C:/Windows/Fo
nts/simfang.ttf><C:/Windows/Fonts/simfang.ttf><C:/Windows/Fonts/simfang.ttf><C:
/Windows/Fonts/simfang.ttf><C:/Windows/Fonts/simfang.ttf><C:/Windows/Fonts/simf
ang.ttf><C:/Windows/Fonts/simfang.ttf><C:/Windows/Fonts/simfang.ttf><C:/Windows
/Fonts/simfang.ttf><C:/Windows/Fonts/simhei.ttf><C:/Windows/Fonts/simhei.ttf><C
:/Windows/Fonts/simhei.ttf><C:/Windows/Fonts/simhei.ttf><C:/Windows/Fonts/simhe
i.ttf><C:/Windows/Fonts/simhei.ttf><C:/Windows/Fonts/simhei.ttf><C:/Windows/Fon
ts/simhei.ttf><C:/Windows/Fonts/simhei.ttf><C:/Windows/Fonts/simhei.ttf><C:/Win
dows/Fonts/simhei.ttf><C:/Windows/Fonts/simhei.ttf><C:/Windows/Fonts/simhei.ttf
><C:/Windows/Fonts/simhei.ttf><C:/Windows/Fonts/simhei.ttf><C:/Windows/Fonts/si
mhei.ttf><C:/Windows/Fonts/simhei.ttf><C:/Windows/Fonts/simhei.ttf><C:/Windows/
Fonts/simhei.ttf><C:/Windows/Fonts/simhei.ttf><C:/Windows/Fonts/simhei.ttf><C:/
Windows/Fonts/simhei.ttf><C:/Windows/Fonts/simhei.ttf><C:/Windows/Fonts/simhei.
ttf><D:/Program Files/CTEX/MiKTeX/fonts/type1/public/amsfonts/cm/cmex10.pfb><D:
/Program Files/CTEX/MiKTeX/fonts/type1/public/amsfonts/cm/cmmi10.pfb><D:/Progra
m Files/CTEX/MiKTeX/fonts/type1/public/amsfonts/cm/cmmi7.pfb><D:/Program Files/
CTEX/MiKTeX/fonts/type1/public/amsfonts/cm/cmr10.pfb><D:/Program Files/CTEX/MiK
TeX/fonts/type1/public/amsfonts/cm/cmr7.pfb><D:/Program Files/CTEX/MiKTeX/fonts
/type1/public/amsfonts/cm/cmsy10.pfb><D:/Program Files/CTEX/MiKTeX/fonts/type1/
public/amsfonts/cm/cmsy5.pfb><D:/Program Files/CTEX/MiKTeX/fonts/type1/public/a
msfonts/cm/cmsy7.pfb><D:/Program Files/CTEX/MiKTeX/fonts/type1/public/amsfonts/
symbols/msam10.pfb><D:/Program Files/CTEX/MiKTeX/fonts/type1/urw/times/utmb8a.p
fb><D:/Program Files/CTEX/MiKTeX/fonts/type1/urw/times/utmr8a.pfb><D:/Program F
iles/CTEX/MiKTeX/fonts/type1/urw/times/utmri8a.pfb>
Output written on nhgslides.pdf (50 pages, 2550501 bytes).
PDF statistics:
 4224 PDF objects out of 4296 (max. 8388607)
 141 named destinations out of 1000 (max. 500000)
 283 words of extra memory for PDF output out of 10000 (max. 10000000)

